<?xml version="1.0" encoding="UTF-8"?>
<!-- Generated by org.testng.reporters.JUnitXMLReporter -->
<testsuite hostname="LAPTOP-6KJM05SQ" ignored="0" name="Surefire test" tests="5" failures="0" timestamp="2021-07-28T12:26:21 IST" time="5.873" errors="0">
  <testcase name="ShouldNotBeAbletoCreatePlaylistWithExpiredToken" time="4.283" classname="com.spotify.oauth2.tests.PlayListTests"/>
  <testcase name="ShouldBeAbletoUpdatePlaylist" time="5.618" classname="com.spotify.oauth2.tests.PlayListTests"/>
  <testcase name="ShouldNotBeAbletoCreatePlaylistWithoutName" time="5.623" classname="com.spotify.oauth2.tests.PlayListTests"/>
  <testcase name="ShouldBeAbletoCreatePlaylist" time="5.671" classname="com.spotify.oauth2.tests.PlayListTests"/>
  <testcase name="ShouldBeAbletoGetAPlaylist" time="5.671" classname="com.spotify.oauth2.tests.PlayListTests"/>
</testsuite> <!-- Surefire test -->
