<?xml version="1.0" encoding="UTF-8"?>
<!-- Generated by org.testng.reporters.JUnitXMLReporter -->
<testsuite ignored="0" hostname="LAPTOP-6KJM05SQ" failures="0" tests="5" name="Default test" time="6.232" errors="0" timestamp="2021-07-28T12:42:06 IST">
  <testcase classname="com.spotify.oauth2.tests.PlayListTests" name="ShouldBeAbletoCreatePlaylist" time="4.141"/>
  <testcase classname="com.spotify.oauth2.tests.PlayListTests" name="ShouldBeAbletoGetAPlaylist" time="0.561"/>
  <testcase classname="com.spotify.oauth2.tests.PlayListTests" name="ShouldBeAbletoUpdatePlaylist" time="0.631"/>
  <testcase classname="com.spotify.oauth2.tests.PlayListTests" name="ShouldNotBeAbletoCreatePlaylistWithExpiredToken" time="0.361"/>
  <testcase classname="com.spotify.oauth2.tests.PlayListTests" name="ShouldNotBeAbletoCreatePlaylistWithoutName" time="0.372"/>
</testsuite> <!-- Default test -->
