<?xml version="1.0" encoding="UTF-8"?>
<testng-results skipped="0" failed="0" ignored="0" total="5" passed="5">
  <reporter-output>
  </reporter-output>
  <suite name="Surefire suite" duration-ms="5873" started-at="2021-07-28T12:26:15 IST" finished-at="2021-07-28T12:26:21 IST">
    <groups>
    </groups>
    <test name="Surefire test" duration-ms="5873" started-at="2021-07-28T12:26:15 IST" finished-at="2021-07-28T12:26:21 IST">
      <class name="com.spotify.oauth2.tests.PlayListTests">
        <test-method status="PASS" signature="beforeMethod(java.lang.reflect.Method)[pri:0, instance:com.spotify.oauth2.tests.PlayListTests@742d4e15]" name="beforeMethod" is-config="true" duration-ms="15" started-at="2021-07-28T12:26:15 IST" finished-at="2021-07-28T12:26:15 IST">
          <params>
            <param index="0">
              <value>
                <![CDATA[public void com.spotify.oauth2.tests.PlayListTests.ShouldNotBeAbletoCreatePlaylistWithoutName()]]>
              </value>
            </param>
          </params>
          <reporter-output>
          </reporter-output>
        </test-method> <!-- beforeMethod -->
        <test-method status="PASS" signature="beforeMethod(java.lang.reflect.Method)[pri:0, instance:com.spotify.oauth2.tests.PlayListTests@742d4e15]" name="beforeMethod" is-config="true" duration-ms="15" started-at="2021-07-28T12:26:15 IST" finished-at="2021-07-28T12:26:15 IST">
          <params>
            <param index="0">
              <value>
                <![CDATA[public void com.spotify.oauth2.tests.PlayListTests.ShouldNotBeAbletoCreatePlaylistWithExpiredToken()]]>
              </value>
            </param>
          </params>
          <reporter-output>
          </reporter-output>
        </test-method> <!-- beforeMethod -->
        <test-method status="PASS" signature="beforeMethod(java.lang.reflect.Method)[pri:0, instance:com.spotify.oauth2.tests.PlayListTests@742d4e15]" name="beforeMethod" is-config="true" duration-ms="15" started-at="2021-07-28T12:26:15 IST" finished-at="2021-07-28T12:26:15 IST">
          <params>
            <param index="0">
              <value>
                <![CDATA[public void com.spotify.oauth2.tests.PlayListTests.ShouldBeAbletoCreatePlaylist()]]>
              </value>
            </param>
          </params>
          <reporter-output>
          </reporter-output>
        </test-method> <!-- beforeMethod -->
        <test-method status="PASS" signature="beforeMethod(java.lang.reflect.Method)[pri:0, instance:com.spotify.oauth2.tests.PlayListTests@742d4e15]" name="beforeMethod" is-config="true" duration-ms="15" started-at="2021-07-28T12:26:15 IST" finished-at="2021-07-28T12:26:15 IST">
          <params>
            <param index="0">
              <value>
                <![CDATA[public void com.spotify.oauth2.tests.PlayListTests.ShouldBeAbletoUpdatePlaylist()]]>
              </value>
            </param>
          </params>
          <reporter-output>
          </reporter-output>
        </test-method> <!-- beforeMethod -->
        <test-method status="PASS" signature="beforeMethod(java.lang.reflect.Method)[pri:0, instance:com.spotify.oauth2.tests.PlayListTests@742d4e15]" name="beforeMethod" is-config="true" duration-ms="15" started-at="2021-07-28T12:26:15 IST" finished-at="2021-07-28T12:26:15 IST">
          <params>
            <param index="0">
              <value>
                <![CDATA[public void com.spotify.oauth2.tests.PlayListTests.ShouldBeAbletoGetAPlaylist()]]>
              </value>
            </param>
          </params>
          <reporter-output>
          </reporter-output>
        </test-method> <!-- beforeMethod -->
        <test-method status="PASS" signature="ShouldBeAbletoGetAPlaylist()[pri:0, instance:com.spotify.oauth2.tests.PlayListTests@742d4e15]" name="ShouldBeAbletoGetAPlaylist" duration-ms="5671" started-at="2021-07-28T12:26:15 IST" finished-at="2021-07-28T12:26:21 IST">
          <reporter-output>
          </reporter-output>
        </test-method> <!-- ShouldBeAbletoGetAPlaylist -->
        <test-method status="PASS" signature="ShouldNotBeAbletoCreatePlaylistWithExpiredToken()[pri:0, instance:com.spotify.oauth2.tests.PlayListTests@742d4e15]" name="ShouldNotBeAbletoCreatePlaylistWithExpiredToken" duration-ms="4283" started-at="2021-07-28T12:26:15 IST" finished-at="2021-07-28T12:26:20 IST">
          <reporter-output>
          </reporter-output>
        </test-method> <!-- ShouldNotBeAbletoCreatePlaylistWithExpiredToken -->
        <test-method status="PASS" signature="ShouldBeAbletoCreatePlaylist()[pri:0, instance:com.spotify.oauth2.tests.PlayListTests@742d4e15]" name="ShouldBeAbletoCreatePlaylist" duration-ms="5671" started-at="2021-07-28T12:26:15 IST" description="should be able to create playlist" finished-at="2021-07-28T12:26:21 IST">
          <reporter-output>
          </reporter-output>
        </test-method> <!-- ShouldBeAbletoCreatePlaylist -->
        <test-method status="PASS" signature="ShouldBeAbletoUpdatePlaylist()[pri:0, instance:com.spotify.oauth2.tests.PlayListTests@742d4e15]" name="ShouldBeAbletoUpdatePlaylist" duration-ms="5618" started-at="2021-07-28T12:26:15 IST" finished-at="2021-07-28T12:26:21 IST">
          <reporter-output>
          </reporter-output>
        </test-method> <!-- ShouldBeAbletoUpdatePlaylist -->
        <test-method status="PASS" signature="ShouldNotBeAbletoCreatePlaylistWithoutName()[pri:0, instance:com.spotify.oauth2.tests.PlayListTests@742d4e15]" name="ShouldNotBeAbletoCreatePlaylistWithoutName" duration-ms="5623" started-at="2021-07-28T12:26:15 IST" finished-at="2021-07-28T12:26:21 IST">
          <reporter-output>
          </reporter-output>
        </test-method> <!-- ShouldNotBeAbletoCreatePlaylistWithoutName -->
      </class> <!-- com.spotify.oauth2.tests.PlayListTests -->
    </test> <!-- Surefire test -->
  </suite> <!-- Surefire suite -->
</testng-results>
