<?xml version="1.0" encoding="UTF-8"?>
<testsuite xmlns:xsi="http://www.w3.org/2001/XMLSchema-instance" xsi:noNamespaceSchemaLocation="https://maven.apache.org/surefire/maven-surefire-plugin/xsd/surefire-test-report-3.0.xsd" version="3.0" name="TestSuite" time="6.841" tests="5" errors="0" skipped="0" failures="0">
  <properties>
[...]
</properties>
  <testcase name="ShouldNotBeAbletoCreatePlaylistWithExpiredToken" classname="com.spotify.oauth2.tests.PlayListTests" time="4.326">
    <system-out><![CDATA[STARTING TEST ShouldBeAbletoCreatePlaylist
STARTING TEST ShouldNotBeAbletoCreatePlaylistWithExpiredToken
STARTING TEST ShouldBeAbletoUpdatePlaylist
STARTING TEST ShouldBeAbletoGetAPlaylist
STARTING Thread TestNG-test=Surefire test-1
STARTING Thread TestNG-test=Surefire test-4
STARTING Thread TestNG-test=Surefire test-3
STARTING Thread TestNG-test=Surefire test-2
STARTING TEST ShouldNotBeAbletoCreatePlaylistWithoutName
STARTING Thread TestNG-test=Surefire test-5
Renewing Token.........
Request method:	POST
Request URI:	https://accounts.spotify.com/api/token
Proxy:			<none>
Request params:	<none>
Query params:	<none>
Form params:	refresh_token=AQCMkzjZqjbcr0tya45Zy7VgvOm3GBDXwaflPJh_GlTmI4Car-vXSGVQQerUvYcNP8vwSAITK-sXhe1DxGYe6LUPqaD_3RaoxjNrZOZ1GSFqXHRu9jkHqw8MBcaN_p2bab0
				grant_type=refresh_token
				client_secret=32f2873da77b40f587db82d48612e008
				client_id=6baa9468d5ea492bbd3656b92bb347ba
Path params:	<none>
Headers:		Accept=*/*
				Content-Type=application/x-www-form-urlencoded; charset=ISO-8859-1
Cookies:		<none>
Multiparts:		<none>
Body:			<none>
Request method:	POST
Request URI:	https://api.spotify.com/v1/users/25kfi6gsh32fnkqng1ijry9e8/playlists
Proxy:			<none>
Request params:	<none>
Query params:	<none>
Form params:	<none>
Path params:	<none>
Headers:		Accept=*/*
				Content-Type=application/json; charset=UTF-8
Cookies:		<none>
Multiparts:		<none>
Body:
{
    "description": "PlaylistoSwj4EF1(0]hqn(hzVw@",
    "name": "Playlist_ xz    Q ",
    "public": false
}
HTTP/1.1 401 Unauthorized
www-authenticate: Bearer realm="spotify", error="invalid_token", error_description="Invalid access token"
access-control-allow-origin: *
access-control-allow-headers: Accept, App-Platform, Authorization, Content-Type, Origin, Retry-After, Spotify-App-Version, X-Cloud-Trace-Context, client-token, content-access-token
access-control-allow-methods: GET, POST, OPTIONS, PUT, DELETE, PATCH
access-control-allow-credentials: true
access-control-max-age: 604800
content-type: application/json
content-encoding: gzip
strict-transport-security: max-age=31536000
x-content-type-options: nosniff
date: Wed, 28 Jul 2021 06:56:19 GMT
server: envoy
Via: HTTP/2 edgeproxy, 1.1 google
Alt-Svc: clear
Transfer-Encoding: chunked

{
    "error": {
        "status": 401,
        "message": "Invalid access token"
    }
}
HTTP/1.1 200 OK
date: Wed, 28 Jul 2021 06:56:19 GMT
content-type: application/json
vary: Accept-Encoding
set-cookie: __Host-device_id=AQDrIULrQjSjKBU5nmfGUTQryB4xPtIMUfEgdGUf4-sf3UNNX4r-sZA-hAqb-ILAAoDJbJzopJTTCvE6jTW4HmQrrK3bnrU86To;Version=1;Path=/;Max-Age=2147483647;Secure;HttpOnly;SameSite=Lax
set-cookie: sp_tr=false;Version=1;Domain=accounts.spotify.com;Path=/;Secure;SameSite=Lax
sp-trace-id: aae9347785714a8e
content-encoding: gzip
strict-transport-security: max-age=31536000
x-content-type-options: nosniff
server: envoy
Via: HTTP/2 edgeproxy, 1.1 google
Alt-Svc: clear
Transfer-Encoding: chunked

{
    "access_token": "BQBBWDCON-b4qf-aAJhY0PnU_NXLqCeOteE_byFC6rfCl88qjwTziJ0xvPlV-Tp0sjjKeJ4eveAwck51l2SZNLLcWu9BlXQlhcKIYPVh9ccsjUapsL4fHkPahWEqPYxIh3VC8lbv5IruVmblNiPUME1elIRLjunNkjK8gbR2UgF0vHMNSD2nFinWqJqnzte_qvgDPV_hu4hCnApU4xlCriuKVq0fyzKMAMDXcCBKKR18S-dbQzRPCXhn-Q",
    "token_type": "Bearer",
    "expires_in": 3600,
    "scope": "playlist-read-private playlist-read-collaborative playlist-modify-private playlist-modify-public user-read-email user-read-private"
}
]]></system-out>
    <system-err><![CDATA[SLF4J: Failed to load class "org.slf4j.impl.StaticLoggerBinder".
SLF4J: Defaulting to no-operation (NOP) logger implementation
SLF4J: See http://www.slf4j.org/codes.html#StaticLoggerBinder for further details.
]]></system-err>
  </testcase>
  <testcase name="ShouldBeAbletoUpdatePlaylist" classname="com.spotify.oauth2.tests.PlayListTests" time="5.664">
    <system-out><![CDATA[Token is good to use.....
Token is good to use.....
Token is good to use.....
Request method:	GET
Request URI:	https://api.spotify.com/v1/playlists/5qff0zP0yE9rb2D0oULSWW
Proxy:			<none>
Request params:	<none>
Query params:	<none>
Form params:	<none>
Path params:	<none>
Headers:		Accept=*/*
				Content-Type=application/json; charset=UTF-8
Cookies:		<none>
Multiparts:		<none>
Body:			<none>
Request method:	POST
Request URI:	https://api.spotify.com/v1/users/25kfi6gsh32fnkqng1ijry9e8/playlists
Proxy:			<none>
Request params:	<none>
Query params:	<none>
Form params:	<none>
Path params:	<none>
Headers:		Accept=*/*
				Content-Type=application/json; charset=UTF-8
Cookies:		<none>
Multiparts:		<none>
Body:
{
    "description": "Playlistukmva9@ XpfQXCws>5EP",
    "name": "PlaylistEr ao  ipi",
    "public": false
}
Request method:	POST
Request URI:	https://api.spotify.com/v1/users/25kfi6gsh32fnkqng1ijry9e8/playlists
Proxy:			<none>
Request params:	<none>
Query params:	<none>
Form params:	<none>
Path params:	<none>
Headers:		Accept=*/*
				Content-Type=application/json; charset=UTF-8
Cookies:		<none>
Multiparts:		<none>
Body:
{
    "description": "Playlistxz'*r=v;aRq4B9rJv#7h",
    "name": "",
    "public": false
}
Request method:	PUT
Request URI:	https://api.spotify.com/v1/playlists/5qff0zP0yE9rb2D0oULSWW
Proxy:			<none>
Request params:	<none>
Query params:	<none>
Form params:	<none>
Path params:	<none>
Headers:		Accept=*/*
				Content-Type=application/json; charset=UTF-8
Cookies:		<none>
Multiparts:		<none>
Body:
{
    "description": "Updated playlist description111",
    "name": "Updated Playlist Name111",
    "public": false
}
HTTP/1.1 200 OK
cache-control: private, max-age=0
x-robots-tag: noindex, nofollow
access-control-allow-origin: *
access-control-allow-headers: Accept, App-Platform, Authorization, Content-Type, Origin, Retry-After, Spotify-App-Version, X-Cloud-Trace-Context, client-token, content-access-token
access-control-allow-methods: GET, POST, OPTIONS, PUT, DELETE, PATCH
access-control-allow-credentials: true
access-control-max-age: 604800
Content-Length: 0
strict-transport-security: max-age=31536000
x-content-type-options: nosniff
date: Wed, 28 Jul 2021 06:56:21 GMT
server: envoy
Via: HTTP/2 edgeproxy, 1.1 google
Alt-Svc: clear
]]></system-out>
  </testcase>
  <testcase name="ShouldNotBeAbletoCreatePlaylistWithoutName" classname="com.spotify.oauth2.tests.PlayListTests" time="5.689">
    <system-out><![CDATA[HTTP/1.1 400 Bad Request
content-type: application/json; charset=utf-8
cache-control: private, max-age=0
x-robots-tag: noindex, nofollow
access-control-allow-origin: *
access-control-allow-headers: Accept, App-Platform, Authorization, Content-Type, Origin, Retry-After, Spotify-App-Version, X-Cloud-Trace-Context, client-token, content-access-token
access-control-allow-methods: GET, POST, OPTIONS, PUT, DELETE, PATCH
access-control-allow-credentials: true
access-control-max-age: 604800
content-encoding: gzip
strict-transport-security: max-age=31536000
x-content-type-options: nosniff
date: Wed, 28 Jul 2021 06:56:20 GMT
server: envoy
Via: HTTP/2 edgeproxy, 1.1 google
Alt-Svc: clear
Transfer-Encoding: chunked

{
    "error": {
        "status": 400,
        "message": "Missing required field: name"
    }
}
]]></system-out>
  </testcase>
  <testcase name="ShouldBeAbletoCreatePlaylist" classname="com.spotify.oauth2.tests.PlayListTests" time="5.757">
    <system-out><![CDATA[HTTP/1.1 201 Created
content-type: application/json; charset=utf-8
cache-control: private, max-age=0
location: https://api.spotify.com/v1/playlists/49PSVLqF38jwkGSNX2KicF
x-robots-tag: noindex, nofollow
access-control-allow-origin: *
access-control-allow-headers: Accept, App-Platform, Authorization, Content-Type, Origin, Retry-After, Spotify-App-Version, X-Cloud-Trace-Context, client-token, content-access-token
access-control-allow-methods: GET, POST, OPTIONS, PUT, DELETE, PATCH
access-control-allow-credentials: true
access-control-max-age: 604800
content-encoding: gzip
strict-transport-security: max-age=31536000
x-content-type-options: nosniff
date: Wed, 28 Jul 2021 06:56:21 GMT
server: envoy
Via: HTTP/2 edgeproxy, 1.1 google
Alt-Svc: clear
Transfer-Encoding: chunked

{
    "collaborative": false,
    "description": "Playlistukmva9@ XpfQXCws>5EP",
    "external_urls": {
        "spotify": "https://open.spotify.com/playlist/49PSVLqF38jwkGSNX2KicF"
    },
    "followers": {
        "href": null,
        "total": 0
    },
    "href": "https://api.spotify.com/v1/playlists/49PSVLqF38jwkGSNX2KicF",
    "id": "49PSVLqF38jwkGSNX2KicF",
    "images": [
        
    ],
    "name": "PlaylistEr ao  ipi",
    "owner": {
        "display_name": "rahulgangrade1983",
        "external_urls": {
            "spotify": "https://open.spotify.com/user/25kfi6gsh32fnkqng1ijry9e8"
        },
        "href": "https://api.spotify.com/v1/users/25kfi6gsh32fnkqng1ijry9e8",
        "id": "25kfi6gsh32fnkqng1ijry9e8",
        "type": "user",
        "uri": "spotify:user:25kfi6gsh32fnkqng1ijry9e8"
    },
    "primary_color": null,
    "public": false,
    "snapshot_id": "MSwxZjllN2Q4MGNmOGNhNzRiYzliM2FjNDYxNGJjNTA1MzBhOTM3ZmRl",
    "tracks": {
        "href": "https://api.spotify.com/v1/playlists/49PSVLqF38jwkGSNX2KicF/tracks",
        "items": [
            
        ],
        "limit": 100,
        "next": null,
        "offset": 0,
        "previous": null,
        "total": 0
    },
    "type": "playlist",
    "uri": "spotify:playlist:49PSVLqF38jwkGSNX2KicF"
}
HTTP/1.1 200 OK
content-type: application/json; charset=utf-8
cache-control: public, max-age=0
etag: "MC-IjdlMTgzNDY5OTFlNzc5NmFlYWFlNWMxMDQyOThmYjRjIg=="
x-robots-tag: noindex, nofollow
access-control-allow-origin: *
access-control-allow-headers: Accept, App-Platform, Authorization, Content-Type, Origin, Retry-After, Spotify-App-Version, X-Cloud-Trace-Context, client-token, content-access-token
access-control-allow-methods: GET, POST, OPTIONS, PUT, DELETE, PATCH
access-control-allow-credentials: true
access-control-max-age: 604800
content-encoding: gzip
strict-transport-security: max-age=31536000
x-content-type-options: nosniff
date: Wed, 28 Jul 2021 06:56:21 GMT
server: envoy
Via: HTTP/2 edgeproxy, 1.1 google
Alt-Svc: clear
Transfer-Encoding: chunked

{
    "collaborative": false,
    "description": "Updated playlist description111",
    "external_urls": {
        "spotify": "https://open.spotify.com/playlist/5qff0zP0yE9rb2D0oULSWW"
    },
    "followers": {
        "href": null,
        "total": 0
    },
    "href": "https://api.spotify.com/v1/playlists/5qff0zP0yE9rb2D0oULSWW",
    "id": "5qff0zP0yE9rb2D0oULSWW",
    "images": [
        
    ],
    "name": "Updated Playlist Name111",
    "owner": {
        "display_name": "rahulgangrade1983",
        "external_urls": {
            "spotify": "https://open.spotify.com/user/25kfi6gsh32fnkqng1ijry9e8"
        },
        "href": "https://api.spotify.com/v1/users/25kfi6gsh32fnkqng1ijry9e8",
        "id": "25kfi6gsh32fnkqng1ijry9e8",
        "type": "user",
        "uri": "spotify:user:25kfi6gsh32fnkqng1ijry9e8"
    },
    "primary_color": null,
    "public": false,
    "snapshot_id": "MjYsY2NkYzBkZjE0NTlkOTQzOGM1NDYxZjllYWMwNmNiZTQwN2IyMDk4Yw==",
    "tracks": {
        "href": "https://api.spotify.com/v1/playlists/5qff0zP0yE9rb2D0oULSWW/tracks?offset=0&limit=100",
        "items": [
            
        ],
        "limit": 100,
        "next": null,
        "offset": 0,
        "previous": null,
        "total": 0
    },
    "type": "playlist",
    "uri": "spotify:playlist:5qff0zP0yE9rb2D0oULSWW"
}
]]></system-out>
  </testcase>
  <testcase name="ShouldBeAbletoGetAPlaylist" classname="com.spotify.oauth2.tests.PlayListTests" time="5.757"/>
</testsuite>